<?xml version="1.0" encoding="UTF-8"?>
<testng-results skipped="0" failed="0" total="1" passed="1">
  <reporter-output>
  </reporter-output>
  <suite name="Default suite" duration-ms="199455" started-at="2016-01-16T09:34:06Z" finished-at="2016-01-16T09:37:26Z">
    <groups>
    </groups>
    <test name="Default test" duration-ms="199455" started-at="2016-01-16T09:34:06Z" finished-at="2016-01-16T09:37:26Z">
      <class name="com.app.test.LoginTest">
        <test-method status="PASS" signature="setUp()[pri:0, instance:com.app.test.LoginTest@6a5fc7f7]" name="setUp" is-config="true" duration-ms="66360" started-at="2016-01-16T15:04:06Z" finished-at="2016-01-16T15:05:13Z">
          <reporter-output>
          </reporter-output>
        </test-method> <!-- setUp -->
        <test-method status="PASS" signature="TestApp()[pri:0, instance:com.app.test.LoginTest@6a5fc7f7]" name="TestApp" duration-ms="121873" started-at="2016-01-16T15:05:13Z" finished-at="2016-01-16T15:07:15Z">
          <reporter-output>
          </reporter-output>
        </test-method> <!-- TestApp -->
        <test-method status="PASS" signature="quit()[pri:0, instance:com.app.test.LoginTest@6a5fc7f7]" name="quit" is-config="true" duration-ms="10046" started-at="2016-01-16T15:07:16Z" finished-at="2016-01-16T15:07:26Z">
          <reporter-output>
          </reporter-output>
        </test-method> <!-- quit -->
      </class> <!-- com.app.test.LoginTest -->
    </test> <!-- Default test -->
  </suite> <!-- Default suite -->
</testng-results>
